<?xml version="1.0" encoding="UTF-8"?>
<!-- Generated by org.testng.reporters.JUnitReportReporter -->
<testsuite skipped="0" hostname="DESKTOP-66NPI4H" name="Task1_Scripts.TC_001_Test" tests="1" failures="0" timestamp="2023-08-01T16:23:38 IST" time="22.561" errors="0">
  <testcase name="TestCase" time="22.561" classname="Task1_Scripts.TC_001_Test"/>
  <system-out>
User Entered the book Sucessfully User Navigated to MyBooks Page Sucessfully User Remove the book Sucessfully  </system-out>
</testsuite> <!-- Task1_Scripts.TC_001_Test -->
