<?xml version="1.0" encoding="UTF-8"?>
<!-- Generated by org.testng.reporters.JUnitReportReporter -->
<testsuite skipped="0" hostname="DESKTOP-66NPI4H" name="Generic_Library.Base_Script" tests="1" failures="0" timestamp="2023-07-31T22:33:18 IST" time="7.343" errors="0">
  <testcase name="LaunchBrowser" time="7.343" classname="Generic_Library.Base_Script"/>
  <system-out/>
</testsuite> <!-- Generic_Library.Base_Script -->
