<?xml version="1.0" encoding="UTF-8"?>
<!-- Generated by org.testng.reporters.JUnitReportReporter -->
<testsuite skipped="0" hostname="DESKTOP-66NPI4H" name="Base_Class.Base_Script" tests="1" failures="0" timestamp="2023-07-31T21:35:15 IST" time="4.614" errors="0">
  <testcase name="LaunchBrowser" time="4.614" classname="Base_Class.Base_Script"/>
  <system-out/>
</testsuite> <!-- Base_Class.Base_Script -->
